<?xml version="1.0" encoding="UTF-8"?>
<!-- Generated by org.testng.reporters.JUnitXMLReporter -->
<testsuite ignored="5" hostname="BLR-6PXG7T3" failures="1" tests="1" name="Default test(failed)" time="0.027" errors="0" timestamp="2023-04-03T19:26:53 IST">
  <testcase classname="practiceSel.TestNGPract" name="testAsserts" time="0.006">
    <failure type="java.lang.AssertionError" message="expected [LoginPageTest] but found [LogoutPage]">
      <![CDATA[java.lang.AssertionError: expected [LoginPageTest] but found [LogoutPage]
at practiceSel.TestNGPract.testAsserts(TestNGPract.java:56)
at java.base/java.util.ArrayList.forEach(ArrayList.java:1511)
... Removed 33 stack frames]]>
    </failure>
  </testcase> <!-- testAsserts -->
  <testcase classname="practiceSel.TestNGPract" name="testMethod" time="0.0">
    <ignored/>
  </testcase> <!-- testMethod -->
  <testcase classname="practiceSel.TestNGPract" name="priorityCheck1" time="0.0">
    <ignored/>
  </testcase> <!-- priorityCheck1 -->
  <testcase classname="practiceSel.TestNGPract" name="inCount" time="0.0">
    <ignored/>
  </testcase> <!-- inCount -->
  <testcase classname="practiceSel.TestNGPract" name="testSoftAssert" time="0.0">
    <ignored/>
  </testcase> <!-- testSoftAssert -->
  <testcase classname="practiceSel.TestNGPract" name="priorityCheck2" time="0.0">
    <ignored/>
  </testcase> <!-- priorityCheck2 -->
</testsuite> <!-- Default test(failed) -->
