<?xml version="1.0" encoding="UTF-8"?>
<!-- Generated by org.testng.reporters.JUnitXMLReporter -->
<testsuite ignored="2" hostname="BLR-6PXG7T3" failures="0" tests="2" name="Test" time="0.033" errors="0" timestamp="2023-04-03T19:34:26 IST">
  <testcase classname="practiceSel.TestNGGroupsTest" name="deleteUser" time="0.003"/>
  <testcase classname="practiceSel.TestNGGroupsTest" name="deleteProject" time="0.001"/>
  <testcase classname="practiceSel.TestNGGroupsTest" name="createUser" time="0.0">
    <ignored/>
  </testcase> <!-- createUser -->
  <testcase classname="practiceSel.TestNGGroupsTest" name="createProject" time="0.0">
    <ignored/>
  </testcase> <!-- createProject -->
</testsuite> <!-- Test -->
