<?xml version="1.0" encoding="UTF-8"?>
<testng-results ignored="0" total="1" passed="1" failed="0" skipped="0">
  <reporter-output>
  </reporter-output>
  <suite started-at="2023-05-06T11:20:36 IST" name="Default suite" finished-at="2023-05-06T11:20:44 IST" duration-ms="8429">
    <groups>
    </groups>
    <test started-at="2023-05-06T11:20:36 IST" name="Default test" finished-at="2023-05-06T11:20:44 IST" duration-ms="8429">
      <class name="com.sauce.POMTests.LoginTest">
        <test-method signature="login()[pri:0, instance:com.sauce.POMTests.LoginTest@28eaa59a]" started-at="2023-05-06T11:20:36 IST" name="login" finished-at="2023-05-06T11:20:44 IST" duration-ms="8405" status="PASS">
          <reporter-output>
          </reporter-output>
        </test-method> <!-- login -->
      </class> <!-- com.sauce.POMTests.LoginTest -->
    </test> <!-- Default test -->
  </suite> <!-- Default suite -->
</testng-results>
